<?xml version="1.0" encoding="UTF-8"?>

<mule xmlns:ee="http://www.mulesoft.org/schema/mule/ee/core" xmlns:http="http://www.mulesoft.org/schema/mule/http"
	xmlns="http://www.mulesoft.org/schema/mule/core"
	xmlns:doc="http://www.mulesoft.org/schema/mule/documentation" xmlns:xsi="http://www.w3.org/2001/XMLSchema-instance" xsi:schemaLocation="http://www.mulesoft.org/schema/mule/core http://www.mulesoft.org/schema/mule/core/current/mule.xsd
http://www.mulesoft.org/schema/mule/http http://www.mulesoft.org/schema/mule/http/current/mule-http.xsd
http://www.mulesoft.org/schema/mule/ee/core http://www.mulesoft.org/schema/mule/ee/core/current/mule-ee.xsd">
	<http:listener-config name="HTTP_Listener_config" doc:name="HTTP Listener config" doc:id="9bb7c51f-e6d2-4a6b-9ae1-45f85fb2f8e2" >
		<http:listener-connection host="0.0.0.0" port="8081" />
	</http:listener-config>
	<flow name="test-githubFlow" doc:id="a6239582-6294-4036-a4b9-19fc4a2e743b" >
		<http:listener doc:name="Listener" doc:id="8ff1b0de-fe58-4c85-b5b1-dbb2557fc714" config-ref="HTTP_Listener_config" path="/test"/>
		<ee:transform doc:name="Transform Message" doc:id="bf803b47-d05c-451f-9f4b-77680a354f4a" >
			<ee:message >
				<ee:set-payload ><![CDATA[%dw 2.0
output application/json
---
"Working git"]]></ee:set-payload>
			</ee:message>
		</ee:transform>
	</flow>
</mule>
